<?xml version="1.0" encoding="UTF-8"?>
<!-- Generated by org.testng.reporters.JUnitReportReporter -->
<testsuite hostname="DESKTOP-02S8FLT" failures="0" tests="3" name="Academy.Tests.StandAloneTest2" time="52.201" errors="0" timestamp="09 Oct 2022 19:24:28 GMT" skipped="0">
  <testcase classname="Academy.Tests.StandAloneTest2" name="OrderHistoryTest" time="5.544"/>
  <testcase classname="Academy.Tests.StandAloneTest2" name="submitOrder" time="25.092"/>
  <testcase classname="Academy.Tests.StandAloneTest2" name="submitOrder" time="21.565"/>
</testsuite> <!-- Academy.Tests.StandAloneTest2 -->
