<?xml version="1.0" encoding="UTF-8"?>
<!-- Generated by org.testng.reporters.JUnitReportReporter -->
<testsuite hostname="DESKTOP-02S8FLT" failures="0" tests="3" name="Academy.Tests.StandAloneTest2" time="49.585" errors="0" timestamp="10 Oct 2022 18:24:39 GMT" skipped="0">
  <testcase classname="Academy.Tests.StandAloneTest2" name="OrderHistoryTest" time="5.611"/>
  <testcase classname="Academy.Tests.StandAloneTest2" name="submitOrder" time="10.027"/>
  <testcase classname="Academy.Tests.StandAloneTest2" name="submitOrder" time="33.947"/>
</testsuite> <!-- Academy.Tests.StandAloneTest2 -->
