<?xml version="1.0" encoding="UTF-8"?>
<!-- Generated by org.testng.reporters.JUnitReportReporter -->
<testsuite hostname="DESKTOP-02S8FLT" failures="0" tests="2" name="Academy.Tests.ErrorValidation" time="27.808" errors="0" timestamp="10 Oct 2022 18:24:39 GMT" skipped="0">
  <testcase classname="Academy.Tests.ErrorValidation" name="WrongLogin" time="5.281"/>
  <testcase classname="Academy.Tests.ErrorValidation" name="ProductErrorValidation" time="22.527"/>
</testsuite> <!-- Academy.Tests.ErrorValidation -->
